\BOOKMARK [1][-]{section*.2}{\376\377\000C\000h\000a\000p\000i\000t\000r\000e\000\040\000I}{}% 1
\BOOKMARK [2][-]{section*.3}{\376\377\000I\000n\000t\000r\000o\000d\000u\000c\000t\000i\000o\000n}{section*.2}% 2
\BOOKMARK [2][-]{section*.4}{\376\377\000P\000r\000\351\000s\000e\000n\000t\000a\000t\000i\000o\000n\000\040\000d\000e\000\040\000l\000a\000\040\000S\000o\000c\000i\000\351\000t\000\351}{section*.2}% 3
\BOOKMARK [2][-]{section*.5}{\376\377\000P\000r\000\351\000s\000e\000n\000t\000a\000t\000i\000o\000n\000\040\000d\000u\000\040\000P\000r\000o\000j\000e\000t}{section*.2}% 4
\BOOKMARK [3][-]{section*.6}{\376\377\000S\000o\000l\000u\000t\000i\000o\000n\000\040\000E\000x\000i\000s\000t\000a\000n\000t\000e}{section*.5}% 5
\BOOKMARK [3][-]{section*.7}{\376\377\000B\000e\000n\000c\000h\000m\000a\000r\000k\000i\000n\000g}{section*.5}% 6
\BOOKMARK [3][-]{section*.8}{\376\377\000P\000r\000o\000b\000l\000\351\000m\000a\000t\000i\000q\000u\000e}{section*.5}% 7
\BOOKMARK [3][-]{section*.9}{\376\377\000L\000a\000\040\000S\000o\000l\000u\000t\000i\000o\000n\000\040\000P\000r\000o\000p\000o\000s\000\351\000e}{section*.5}% 8
\BOOKMARK [2][-]{section*.10}{\376\377\000C\000h\000o\000i\000x\000\040\000d\000e\000\040\000M\000\351\000t\000h\000o\000d\000o\000l\000o\000g\000i\000e}{section*.2}% 9
\BOOKMARK [2][-]{section*.11}{\376\377\000L\000a\000n\000g\000a\000g\000e\000\040\000d\000e\000\040\000M\000o\000d\000\351\000l\000i\000s\000a\000t\000i\000o\000n}{section*.2}% 10
\BOOKMARK [2][-]{section*.12}{\376\377\000C\000o\000n\000c\000l\000u\000s\000i\000o\000n}{section*.2}% 11
\BOOKMARK [1][-]{section*.13}{\376\377\000C\000h\000a\000p\000i\000t\000r\000e\000\040\000I\000I}{}% 12
\BOOKMARK [2][-]{section*.14}{\376\377\000I\000n\000t\000r\000o\000d\000u\000c\000t\000i\000o\000n}{section*.13}% 13
\BOOKMARK [2][-]{section*.15}{\376\377\000S\000p\000\351\000c\000i\000f\000i\000c\000a\000t\000i\000o\000n\000\040\000d\000e\000s\000\040\000B\000e\000s\000o\000i\000n\000s}{section*.13}% 14
\BOOKMARK [3][-]{section*.16}{\376\377\000I\000d\000e\000n\000t\000i\000f\000i\000c\000a\000t\000i\000o\000n}{section*.15}% 15
\BOOKMARK [3][-]{section*.17}{\376\377\000B\000e\000s\000o\000i\000n\000s\000\040\000F\000o\000n\000c\000t\000i\000o\000n\000n\000e\000l\000s}{section*.15}% 16
\BOOKMARK [3][-]{section*.18}{\376\377\000B\000e\000s\000o\000i\000n\000s\000\040\000N\000o\000n\000\040\000F\000o\000n\000c\000t\000i\000o\000n\000n\000e\000l\000s}{section*.15}% 17
\BOOKMARK [3][-]{section*.19}{\376\377\000D\000i\000a\000g\000r\000a\000m\000m\000e\000\040\000d\000e\000\040\000C\000a\000s\000\040\000d\000'\000U\000t\000i\000l\000i\000s\000a\000t\000i\000o\000n\000\040\000G\000\351\000n\000\351\000r\000a\000l\000e}{section*.15}% 18
\BOOKMARK [2][-]{section*.20}{\376\377\000P\000i\000l\000o\000t\000a\000g\000e\000\040\000d\000u\000\040\000P\000r\000o\000j\000e\000t}{section*.13}% 19
\BOOKMARK [3][-]{section*.21}{\376\377\000\311\000q\000u\000i\000p\000e\000\040\000e\000t\000\040\000R\000\364\000l\000e}{section*.20}% 20
\BOOKMARK [3][-]{section*.22}{\376\377\000L\000e\000\040\000B\000a\000c\000k\000l\000o\000g\000\040\000d\000u\000\040\000P\000r\000o\000d\000u\000i\000t}{section*.20}% 21
\BOOKMARK [3][-]{section*.23}{\376\377\000P\000l\000a\000n\000n\000i\000n\000g\000\040\000d\000e\000\040\000l\000a\000\040\000R\000\351\000a\000l\000i\000s\000a\000t\000i\000o\000n\000\040\000d\000u\000\040\000P\000r\000o\000j\000e\000t}{section*.20}% 22
\BOOKMARK [2][-]{section*.24}{\376\377\000C\000o\000n\000c\000e\000p\000t\000i\000o\000n\000\040\000d\000e\000\040\000l\000'\000A\000p\000p\000l\000i\000c\000a\000t\000i\000o\000n}{section*.13}% 23
\BOOKMARK [3][-]{section*.25}{\376\377\000P\000l\000a\000n\000\040\000d\000e\000\040\000l\000'\000A\000p\000p\000l\000i\000c\000a\000t\000i\000o\000n}{section*.24}% 24
\BOOKMARK [3][-]{section*.26}{\376\377\000L\000e\000s\000\040\000M\000a\000q\000u\000e\000t\000t\000e\000s}{section*.24}% 25
\BOOKMARK [3][-]{section*.27}{\376\377\000C\000h\000a\000r\000t\000e\000\040\000G\000r\000a\000p\000h\000i\000q\000u\000e}{section*.24}% 26
\BOOKMARK [2][-]{section*.28}{\376\377\000C\000o\000n\000c\000l\000u\000s\000i\000o\000n}{section*.13}% 27
\BOOKMARK [1][-]{section*.29}{\376\377\000B\000i\000b\000l\000i\000o\000g\000r\000a\000p\000h\000i\000e}{}% 28
