This is pdfTeX, Version 3.141592653-2.6-1.40.25 (TeX Live 2023/Debian) (preloaded format=pdflatex 2025.3.25)  29 MAY 2025 07:05
entering extended mode
 restricted \write18 enabled.
 file:line:error style messages enabled.
 %&-line parsing enabled.
**/home/issam/Desktop/projects/PFE/report_pfe/report.tex
(/home/issam/Desktop/projects/PFE/report_pfe/report.tex
LaTeX2e <2023-11-01> patch level 1
L3 programming layer <2024-01-22>
(/usr/share/texlive/texmf-dist/tex/latex/base/report.cls
Document Class: report 2023/05/17 v1.4n Standard LaTeX document class
(/usr/share/texlive/texmf-dist/tex/latex/base/size12.clo
File: size12.clo 2023/05/17 v1.4n Standard LaTeX file (size option)
)
\c@part=\count187
\c@chapter=\count188
\c@section=\count189
\c@subsection=\count190
\c@subsubsection=\count191
\c@paragraph=\count192
\c@subparagraph=\count193
\c@figure=\count194
\c@table=\count195
\abovecaptionskip=\skip48
\belowcaptionskip=\skip49
\bibindent=\dimen140
) (/usr/share/texlive/texmf-dist/tex/latex/base/inputenc.sty
Package: inputenc 2021/02/14 v1.3d Input encoding file
\inpenc@prehook=\toks17
\inpenc@posthook=\toks18
) (/usr/share/texlive/texmf-dist/tex/latex/base/fontenc.sty
Package: fontenc 2021/04/29 v2.0v Standard LaTeX package
) (/usr/share/texlive/texmf-dist/tex/latex/graphics/graphicx.sty
Package: graphicx 2021/09/16 v1.2d Enhanced LaTeX Graphics (DPC,SPQR)
 (/usr/share/texlive/texmf-dist/tex/latex/graphics/keyval.sty
Package: keyval 2022/05/29 v1.15 key=value parser (DPC)
\KV@toks@=\toks19
) (/usr/share/texlive/texmf-dist/tex/latex/graphics/graphics.sty
Package: graphics 2022/03/10 v1.4e Standard LaTeX Graphics (DPC,SPQR)
 (/usr/share/texlive/texmf-dist/tex/latex/graphics/trig.sty
Package: trig 2021/08/11 v1.11 sin cos tan (DPC)
) (/usr/share/texlive/texmf-dist/tex/latex/graphics-cfg/graphics.cfg
File: graphics.cfg 2016/06/04 v1.11 sample graphics configuration
)
Package graphics Info: Driver file: pdftex.def on input line 107.
 (/usr/share/texlive/texmf-dist/tex/latex/graphics-def/pdftex.def
File: pdftex.def 2022/09/22 v1.2b Graphics/color driver for pdftex
))
\Gin@req@height=\dimen141
\Gin@req@width=\dimen142
) (/usr/share/texlive/texmf-dist/tex/latex/amsmath/amsmath.sty
Package: amsmath 2023/05/13 v2.17o AMS math features
\@mathmargin=\skip50

For additional information on amsmath, use the `?' option.
(/usr/share/texlive/texmf-dist/tex/latex/amsmath/amstext.sty
Package: amstext 2021/08/26 v2.01 AMS text
 (/usr/share/texlive/texmf-dist/tex/latex/amsmath/amsgen.sty
File: amsgen.sty 1999/11/30 v2.0 generic functions
\@emptytoks=\toks20
\ex@=\dimen143
)) (/usr/share/texlive/texmf-dist/tex/latex/amsmath/amsbsy.sty
Package: amsbsy 1999/11/29 v1.2d Bold Symbols
\pmbraise@=\dimen144
) (/usr/share/texlive/texmf-dist/tex/latex/amsmath/amsopn.sty
Package: amsopn 2022/04/08 v2.04 operator names
)
\inf@bad=\count196
LaTeX Info: Redefining \frac on input line 234.
\uproot@=\count197
\leftroot@=\count198
LaTeX Info: Redefining \overline on input line 399.
LaTeX Info: Redefining \colon on input line 410.
\classnum@=\count199
\DOTSCASE@=\count266
LaTeX Info: Redefining \ldots on input line 496.
LaTeX Info: Redefining \dots on input line 499.
LaTeX Info: Redefining \cdots on input line 620.
\Mathstrutbox@=\box51
\strutbox@=\box52
LaTeX Info: Redefining \big on input line 722.
LaTeX Info: Redefining \Big on input line 723.
LaTeX Info: Redefining \bigg on input line 724.
LaTeX Info: Redefining \Bigg on input line 725.
\big@size=\dimen145
LaTeX Font Info:    Redeclaring font encoding OML on input line 743.
LaTeX Font Info:    Redeclaring font encoding OMS on input line 744.
\macc@depth=\count267
LaTeX Info: Redefining \bmod on input line 905.
LaTeX Info: Redefining \pmod on input line 910.
LaTeX Info: Redefining \smash on input line 940.
LaTeX Info: Redefining \relbar on input line 970.
LaTeX Info: Redefining \Relbar on input line 971.
\c@MaxMatrixCols=\count268
\dotsspace@=\muskip16
\c@parentequation=\count269
\dspbrk@lvl=\count270
\tag@help=\toks21
\row@=\count271
\column@=\count272
\maxfields@=\count273
\andhelp@=\toks22
\eqnshift@=\dimen146
\alignsep@=\dimen147
\tagshift@=\dimen148
\tagwidth@=\dimen149
\totwidth@=\dimen150
\lineht@=\dimen151
\@envbody=\toks23
\multlinegap=\skip51
\multlinetaggap=\skip52
\mathdisplay@stack=\toks24
LaTeX Info: Redefining \[ on input line 2953.
LaTeX Info: Redefining \] on input line 2954.
) (/usr/share/texlive/texmf-dist/tex/latex/amsfonts/amssymb.sty
Package: amssymb 2013/01/14 v3.01 AMS font symbols
 (/usr/share/texlive/texmf-dist/tex/latex/amsfonts/amsfonts.sty
Package: amsfonts 2013/01/14 v3.01 Basic AMSFonts support
\symAMSa=\mathgroup4
\symAMSb=\mathgroup5
LaTeX Font Info:    Redeclaring math symbol \hbar on input line 98.
LaTeX Font Info:    Overwriting math alphabet `\mathfrak' in version `bold'
(Font)                  U/euf/m/n --> U/euf/b/n on input line 106.
)) (/usr/share/texlive/texmf-dist/tex/latex/hyperref/hyperref.sty
Package: hyperref 2024-01-20 v7.01h Hypertext links for LaTeX
 (/usr/share/texlive/texmf-dist/tex/generic/iftex/iftex.sty
Package: iftex 2022/02/03 v1.0f TeX engine tests
) (/usr/share/texlive/texmf-dist/tex/latex/kvsetkeys/kvsetkeys.sty
Package: kvsetkeys 2022-10-05 v1.19 Key value parser (HO)
) (/usr/share/texlive/texmf-dist/tex/generic/kvdefinekeys/kvdefinekeys.sty
Package: kvdefinekeys 2019-12-19 v1.6 Define keys (HO)
) (/usr/share/texlive/texmf-dist/tex/generic/pdfescape/pdfescape.sty
Package: pdfescape 2019/12/09 v1.15 Implements pdfTeX's escape features (HO)
 (/usr/share/texlive/texmf-dist/tex/generic/ltxcmds/ltxcmds.sty
Package: ltxcmds 2023-12-04 v1.26 LaTeX kernel commands for general use (HO)
) (/usr/share/texlive/texmf-dist/tex/generic/pdftexcmds/pdftexcmds.sty
Package: pdftexcmds 2020-06-27 v0.33 Utility functions of pdfTeX for LuaTeX (HO)
 (/usr/share/texlive/texmf-dist/tex/generic/infwarerr/infwarerr.sty
Package: infwarerr 2019/12/03 v1.5 Providing info/warning/error messages (HO)
)
Package pdftexcmds Info: \pdf@primitive is available.
Package pdftexcmds Info: \pdf@ifprimitive is available.
Package pdftexcmds Info: \pdfdraftmode found.
)) (/usr/share/texlive/texmf-dist/tex/latex/hycolor/hycolor.sty
Package: hycolor 2020-01-27 v1.10 Color options for hyperref/bookmark (HO)
) (/usr/share/texlive/texmf-dist/tex/latex/auxhook/auxhook.sty
Package: auxhook 2019-12-17 v1.6 Hooks for auxiliary files (HO)
) (/usr/share/texlive/texmf-dist/tex/latex/hyperref/nameref.sty
Package: nameref 2023-11-26 v2.56 Cross-referencing by name of section
 (/usr/share/texlive/texmf-dist/tex/latex/refcount/refcount.sty
Package: refcount 2019/12/15 v3.6 Data extraction from label references (HO)
) (/usr/share/texlive/texmf-dist/tex/generic/gettitlestring/gettitlestring.sty
Package: gettitlestring 2019/12/15 v1.6 Cleanup title references (HO)
 (/usr/share/texlive/texmf-dist/tex/latex/kvoptions/kvoptions.sty
Package: kvoptions 2022-06-15 v3.15 Key value format for package options (HO)
))
\c@section@level=\count274
) (/usr/share/texlive/texmf-dist/tex/latex/etoolbox/etoolbox.sty
Package: etoolbox 2020/10/05 v2.5k e-TeX tools for LaTeX (JAW)
\etb@tempcnta=\count275
)
\@linkdim=\dimen152
\Hy@linkcounter=\count276
\Hy@pagecounter=\count277
 (/usr/share/texlive/texmf-dist/tex/latex/hyperref/pd1enc.def
File: pd1enc.def 2024-01-20 v7.01h Hyperref: PDFDocEncoding definition (HO)
Now handling font encoding PD1 ...
... no UTF-8 mapping file for font encoding PD1
) (/usr/share/texlive/texmf-dist/tex/generic/intcalc/intcalc.sty
Package: intcalc 2019/12/15 v1.3 Expandable calculations with integers (HO)
)
\Hy@SavedSpaceFactor=\count278
 (/usr/share/texlive/texmf-dist/tex/latex/hyperref/puenc.def
File: puenc.def 2024-01-20 v7.01h Hyperref: PDF Unicode definition (HO)
Now handling font encoding PU ...
... no UTF-8 mapping file for font encoding PU
)
Package hyperref Info: Hyper figures OFF on input line 4179.
Package hyperref Info: Link nesting OFF on input line 4184.
Package hyperref Info: Hyper index ON on input line 4187.
Package hyperref Info: Plain pages OFF on input line 4194.
Package hyperref Info: Backreferencing OFF on input line 4199.
Package hyperref Info: Implicit mode ON; LaTeX internals redefined.
Package hyperref Info: Bookmarks ON on input line 4446.
\c@Hy@tempcnt=\count279
 (/usr/share/texlive/texmf-dist/tex/latex/url/url.sty
\Urlmuskip=\muskip17
Package: url 2013/09/16  ver 3.4  Verb mode for urls, etc.
)
LaTeX Info: Redefining \url on input line 4784.
\XeTeXLinkMargin=\dimen153
 (/usr/share/texlive/texmf-dist/tex/generic/bitset/bitset.sty
Package: bitset 2019/12/09 v1.3 Handle bit-vector datatype (HO)
 (/usr/share/texlive/texmf-dist/tex/generic/bigintcalc/bigintcalc.sty
Package: bigintcalc 2019/12/15 v1.5 Expandable calculations on big integers (HO)
))
\Fld@menulength=\count280
\Field@Width=\dimen154
\Fld@charsize=\dimen155
Package hyperref Info: Hyper figures OFF on input line 6063.
Package hyperref Info: Link nesting OFF on input line 6068.
Package hyperref Info: Hyper index ON on input line 6071.
Package hyperref Info: backreferencing OFF on input line 6078.
Package hyperref Info: Link coloring OFF on input line 6083.
Package hyperref Info: Link coloring with OCG OFF on input line 6088.
Package hyperref Info: PDF/A mode OFF on input line 6093.
 (/usr/share/texlive/texmf-dist/tex/latex/base/atbegshi-ltx.sty
Package: atbegshi-ltx 2021/01/10 v1.0c Emulation of the original atbegshi
package with kernel methods
)
\Hy@abspage=\count281
\c@Item=\count282
\c@Hfootnote=\count283
)
Package hyperref Info: Driver (autodetected): hpdftex.
 (/usr/share/texlive/texmf-dist/tex/latex/hyperref/hpdftex.def
File: hpdftex.def 2024-01-20 v7.01h Hyperref driver for pdfTeX
 (/usr/share/texlive/texmf-dist/tex/latex/base/atveryend-ltx.sty
Package: atveryend-ltx 2020/08/19 v1.0a Emulation of the original atveryend package
with kernel methods
)
\Fld@listcount=\count284
\c@bookmark@seq@number=\count285
 (/usr/share/texlive/texmf-dist/tex/latex/rerunfilecheck/rerunfilecheck.sty
Package: rerunfilecheck 2022-07-10 v1.10 Rerun checks for auxiliary files (HO)
 (/usr/share/texlive/texmf-dist/tex/generic/uniquecounter/uniquecounter.sty
Package: uniquecounter 2019/12/15 v1.4 Provide unlimited unique counter (HO)
)
Package uniquecounter Info: New unique counter `rerunfilecheck' on input line 285.
)
\Hy@SectionHShift=\skip53
) (/usr/share/texlive/texmf-dist/tex/latex/fancyhdr/fancyhdr.sty
Package: fancyhdr 2022/11/09 v4.1 Extensive control of page headers and footers
\f@nch@headwidth=\skip54
\f@nch@O@elh=\skip55
\f@nch@O@erh=\skip56
\f@nch@O@olh=\skip57
\f@nch@O@orh=\skip58
\f@nch@O@elf=\skip59
\f@nch@O@erf=\skip60
\f@nch@O@olf=\skip61
\f@nch@O@orf=\skip62
) (/usr/share/texlive/texmf-dist/tex/latex/titlesec/titlesec.sty
Package: titlesec 2023/10/27 v2.16 Sectioning titles
\ttl@box=\box53
\beforetitleunit=\skip63
\aftertitleunit=\skip64
\ttl@plus=\dimen156
\ttl@minus=\dimen157
\ttl@toksa=\toks25
\titlewidth=\dimen158
\titlewidthlast=\dimen159
\titlewidthfirst=\dimen160
) (/usr/share/texlive/texmf-dist/tex/latex/tocloft/tocloft.sty
Package: tocloft 2017/08/31 v2.3i parameterised ToC, etc., typesetting
Package tocloft Info: The document has chapter divisions on input line 51.
\cftparskip=\skip65
\cftbeforetoctitleskip=\skip66
\cftaftertoctitleskip=\skip67
\cftbeforepartskip=\skip68
\cftpartnumwidth=\skip69
\cftpartindent=\skip70
\cftbeforechapskip=\skip71
\cftchapindent=\skip72
\cftchapnumwidth=\skip73
\cftbeforesecskip=\skip74
\cftsecindent=\skip75
\cftsecnumwidth=\skip76
\cftbeforesubsecskip=\skip77
\cftsubsecindent=\skip78
\cftsubsecnumwidth=\skip79
\cftbeforesubsubsecskip=\skip80
\cftsubsubsecindent=\skip81
\cftsubsubsecnumwidth=\skip82
\cftbeforeparaskip=\skip83
\cftparaindent=\skip84
\cftparanumwidth=\skip85
\cftbeforesubparaskip=\skip86
\cftsubparaindent=\skip87
\cftsubparanumwidth=\skip88
\cftbeforeloftitleskip=\skip89
\cftafterloftitleskip=\skip90
\cftbeforefigskip=\skip91
\cftfigindent=\skip92
\cftfignumwidth=\skip93
\c@lofdepth=\count286
\c@lotdepth=\count287
\cftbeforelottitleskip=\skip94
\cftafterlottitleskip=\skip95
\cftbeforetabskip=\skip96
\cfttabindent=\skip97
\cfttabnumwidth=\skip98
) (/usr/share/texlive/texmf-dist/tex/latex/setspace/setspace.sty
Package: setspace 2022/12/04 v6.7b set line spacing
) (/usr/share/texlive/texmf-dist/tex/latex/tools/indentfirst.sty
Package: indentfirst 2023/07/02 v1.03 Indent first paragraph (DPC)
) (/usr/share/texlive/texmf-dist/tex/latex/minitoc/minitoc.sty
Package: minitoc 2018/07/12 v62 Package minitoc
 (/usr/share/texlive/texmf-dist/tex/latex/minitoc/mtcmess.sty
Package: mtcmess 2006/03/14
)
Package minitoc Info: I0001
(minitoc)             *** minitoc package, version 62 ***.
\tf@mtc=\write3
\mtcindent=\skip99
\mtcskipamount=\skip100
Package minitoc Info: I0005
(minitoc)             compatible with hyperref.
Package minitoc Info: I0023
(minitoc)             part level macros available.
Package minitoc Info: I0003
(minitoc)             chapter level macros available.
\mtc@toks=\toks26
\mtc@strutbox=\box54
\mtc@hstrutbox=\box55
Package minitoc Info: I0002
(minitoc)             Autoconfiguration of extensions.
\openout3 = `report.mtc0'.

\openout3 = `report.mtc'.

 (./report.mtc0)
Package minitoc Info: I0012
(minitoc)             Long extensions (Unix-like) will be used.
Package minitoc Info: I0031
(minitoc)             ==> this version is configured for UNIX-like 
(minitoc)                 (long extensions) file names.
\openout3 = `report.mtc'.

\openout3 = `report.mtc0'.

\c@mtc=\count288
\c@minitocdepth=\count289
\c@ptc=\count290
\c@parttocdepth=\count291
\ptcindent=\skip101
Package minitoc Info: I0010
(minitoc)             The english language is selected.
(minitoc)              on input line 4910.
 (/usr/share/texlive/texmf-dist/tex/latex/minitoc/english.mld
File: english.mld 2006/01/13
) (/usr/share/texlive/texmf-dist/tex/latex/minitoc/english.mld
File: english.mld 2006/01/13
)) (/usr/share/texlive/texmf-dist/tex/latex/l3backend/l3backend-pdftex.def
File: l3backend-pdftex.def 2024-01-04 L3 backend support: PDF output (pdfTeX)
\l__color_backend_stack_int=\count292
\l__pdf_internal_box=\box56
) (./report.aux (./chapters/chapter1v_1.aux) (./chapters/webography_v_1.aux))
\openout1 = `report.aux'.

LaTeX Font Info:    Checking defaults for OML/cmm/m/it on input line 45.
LaTeX Font Info:    ... okay on input line 45.
LaTeX Font Info:    Checking defaults for OMS/cmsy/m/n on input line 45.
LaTeX Font Info:    ... okay on input line 45.
LaTeX Font Info:    Checking defaults for OT1/cmr/m/n on input line 45.
LaTeX Font Info:    ... okay on input line 45.
LaTeX Font Info:    Checking defaults for T1/cmr/m/n on input line 45.
LaTeX Font Info:    ... okay on input line 45.
LaTeX Font Info:    Checking defaults for TS1/cmr/m/n on input line 45.
LaTeX Font Info:    ... okay on input line 45.
LaTeX Font Info:    Checking defaults for OMX/cmex/m/n on input line 45.
LaTeX Font Info:    ... okay on input line 45.
LaTeX Font Info:    Checking defaults for U/cmr/m/n on input line 45.
LaTeX Font Info:    ... okay on input line 45.
LaTeX Font Info:    Checking defaults for PD1/pdf/m/n on input line 45.
LaTeX Font Info:    ... okay on input line 45.
LaTeX Font Info:    Checking defaults for PU/pdf/m/n on input line 45.
LaTeX Font Info:    ... okay on input line 45.
 (/usr/share/texlive/texmf-dist/tex/context/base/mkii/supp-pdf.mkii
[Loading MPS to PDF converter (version 2006.09.02).]
\scratchcounter=\count293
\scratchdimen=\dimen161
\scratchbox=\box57
\nofMPsegments=\count294
\nofMParguments=\count295
\everyMPshowfont=\toks27
\MPscratchCnt=\count296
\MPscratchDim=\dimen162
\MPnumerator=\count297
\makeMPintoPDFobject=\count298
\everyMPtoPDFconversion=\toks28
) (/usr/share/texlive/texmf-dist/tex/latex/epstopdf-pkg/epstopdf-base.sty
Package: epstopdf-base 2020-01-24 v2.11 Base part for package epstopdf
Package epstopdf-base Info: Redefining graphics rule for `.eps' on input line 485.
 (/usr/share/texlive/texmf-dist/tex/latex/latexconfig/epstopdf-sys.cfg
File: epstopdf-sys.cfg 2010/07/13 v1.3 Configuration of (r)epstopdf for TeX Live
))
Package hyperref Info: Link coloring OFF on input line 45.
 (./report.out) (./report.out)
\@outlinefile=\write4
\openout4 = `report.out'.

\c@minilofdepth=\count299
\c@minilotdepth=\count300
\c@partlofdepth=\count301
\c@partlotdepth=\count302
\c@sectlofdepth=\count303
\c@sectlotdepth=\count304
Package minitoc(hints) Info: I0049
(minitoc(hints))             ==> You requested the hints option. 
(minitoc(hints))             Some hints are eventually given below.
Package minitoc(hints) Info: I0047
(minitoc(hints))             --- The tocloft package is loaded. 
(minitoc(hints))             See the minitoc package documentation 
(minitoc(hints))             for specific precautions.


Package minitoc(hints) Warning: W0099
(minitoc(hints))                --- The titlesec package is loaded. 
(minitoc(hints))                It is incompatible 
(minitoc(hints))                with the minitoc package.

Package minitoc Info: I0024
(minitoc)             PREPARING MINITOCS FROM report.toc on input line 48.
Package minitoc Info: I0033
(minitoc)             Writing report.mtc1.
\openout3 = `report.mtc1'.

Package minitoc Info: I0033
(minitoc)             Writing report.mtc2.
\openout3 = `report.mtc2'.

Package minitoc Info: I0033
(minitoc)             Writing report.mtc3.
\openout3 = `report.mtc3'.

Package minitoc Info: I0033
(minitoc)             Writing report.mtc4.
\openout3 = `report.mtc4'.

Package minitoc Info: I0033
(minitoc)             Writing report.mtc5.
\openout3 = `report.mtc5'.

Package minitoc Info: I0033
(minitoc)             Writing report.mtc6.
\openout3 = `report.mtc6'.

Package minitoc Info: I0033
(minitoc)             Writing report.mtc7.
\openout3 = `report.mtc7'.

Package minitoc Info: I0033
(minitoc)             Writing report.mtc8.
\openout3 = `report.mtc8'.

Package minitoc Info: I0033
(minitoc)             Writing report.mtc9.
\openout3 = `report.mtc9'.

Package minitoc Info: I0033
(minitoc)             Writing report.mtc10.
\openout3 = `report.mtc10'.

Package minitoc Info: I0033
(minitoc)             Writing report.mtc11.
\openout3 = `report.mtc11'.

[1

] [2

{/var/lib/texmf/fonts/map/pdftex/updmap/pdftex.map}] [3

] (./report.toc
LaTeX Font Info:    Trying to load font information for U+msa on input line 1.
 (/usr/share/texlive/texmf-dist/tex/latex/amsfonts/umsa.fd
File: umsa.fd 2013/01/14 v3.01 AMS symbols A
)
LaTeX Font Info:    Trying to load font information for U+msb on input line 1.
 (/usr/share/texlive/texmf-dist/tex/latex/amsfonts/umsb.fd
File: umsb.fd 2013/01/14 v3.01 AMS symbols B
) [4] [5] [6])
\tf@toc=\write5
\openout5 = `report.toc'.

 [7] (./report.lof)
\tf@lof=\write6
\openout6 = `report.lof'.

 [8] (./report.lot)
\tf@lot=\write7
\openout7 = `report.lot'.

 [9]
\openout2 = `chapters/chapter1v_1.aux'.

 (./chapters/chapter1v_1.tex
Chapter 1.
Package minitoc Info: I0006
(minitoc)             report.mtc1 is empty on input line 4.

Overfull \hbox (6.4302pt too wide) in paragraph at lines 9--10
[]\T1/cmr/m/n/12 Traditional di-a-gram-ming ap-proaches present pro-duc-tiv-ity bar-ri-ers through
 []

[10


] [11]
Underfull \hbox (badness 5133) in paragraph at lines 86--86
[]\T1/cmr/bx/n/12 UML Sup-
 []


Overfull \hbox (6.59497pt too wide) in paragraph at lines 86--86
[]\T1/cmr/m/n/12 Comprehensive| 
 []


Underfull \hbox (badness 10000) in paragraph at lines 88--88
[]\T1/cmr/bx/n/12 Syntax
 []


Underfull \hbox (badness 10000) in paragraph at lines 90--90
[]\T1/cmr/bx/n/12 Output
 []


Underfull \hbox (badness 10000) in paragraph at lines 92--92
[]\T1/cmr/bx/n/12 Community
 []


Underfull \hbox (badness 10000) in paragraph at lines 94--94
[]\T1/cmr/bx/n/12 Integration
 []


Underfull \hbox (badness 10000) in paragraph at lines 96--96
[]\T1/cmr/bx/n/12 Enterprise
 []

[12]
Underfull \hbox (badness 10000) in paragraph at lines 129--129
[]\T1/cmr/bx/n/12 Roles
 []


Underfull \hbox (badness 10000) in paragraph at lines 129--129
\T1/cmr/bx/n/12 Def-i-ni-
 []


Underfull \hbox (badness 10000) in paragraph at lines 131--131
[]\T1/cmr/bx/n/12 Sprint
 []


Overfull \hbox (33.6418pt too wide) in paragraph at lines 133--133
[]\T1/cmr/bx/n/12 Documentation| 
 []


Underfull \hbox (badness 10000) in paragraph at lines 135--135
[]\T1/cmr/bx/n/12 Team
 []


Underfull \hbox (badness 10000) in paragraph at lines 137--137
[]\T1/cmr/bx/n/12 Learning
 []


Underfull \hbox (badness 10000) in paragraph at lines 139--139
[]\T1/cmr/bx/n/12 Feedback
 []


Underfull \hbox (badness 10000) in paragraph at lines 139--139
\T1/cmr/bx/n/12 Fre-
 []


Underfull \hbox (badness 10000) in paragraph at lines 141--141
[]\T1/cmr/bx/n/12 Change
 []


Underfull \hbox (badness 10000) in paragraph at lines 141--141
\T1/cmr/bx/n/12 Adap-ta-
 []


Overfull \hbox (11.43303pt too wide) in paragraph at lines 123--144
 [][] 
 []

[13] [14]
<pictures/web/UML_logo.svg.png, id=723, 401.5pt x 292.09125pt>
File: pictures/web/UML_logo.svg.png Graphic file (type png)
<use pictures/web/UML_logo.svg.png>
Package pdftex.def Info: pictures/web/UML_logo.svg.png  used on input line 182.
(pdftex.def)             Requested size: 117.00119pt x 85.11877pt.
 [15 <./pictures/web/UML_logo.svg.png>]
<pictures/web/uml-25-diagrams.png, id=736, 85.5195pt x 85.63995pt>
File: pictures/web/uml-25-diagrams.png Graphic file (type png)
<use pictures/web/uml-25-diagrams.png>
Package pdftex.def Info: pictures/web/uml-25-diagrams.png  used on input line 195.
(pdftex.def)             Requested size: 312.00119pt x 312.51004pt.
 [16 <./pictures/web/uml-25-diagrams.png>])
Overfull \hbox (3.1547pt too wide) in paragraph at lines 210--76
[]\T1/cmr/m/n/12 The com-bi-na-tion of proven tech-nolo-gies (Plan-tUML), es-tab-lished method-
 []

[17]
Chapter 2.
Package minitoc Info: I0006
(minitoc)             report.mtc2 is empty on input line 81.
[18



]
Chapter 3.

Overfull \hbox (13.83136pt too wide) in paragraph at lines 99--99
|\T1/cmr/bx/n/24.88 Study and Im-ple-men-ta-tion of Sprint
 []

\openout3 = `report.mtc'.

\openout3 = `report.mtc'.

(./report.mtc3) [19

] [20]
Chapter 4.

Overfull \hbox (13.83136pt too wide) in paragraph at lines 117--117
|\T1/cmr/bx/n/24.88 Study and Im-ple-men-ta-tion of Sprint
 []

\openout3 = `report.mtc'.

\openout3 = `report.mtc'.

(./report.mtc4) [21

] [22]
Chapter 5.

Overfull \hbox (13.83136pt too wide) in paragraph at lines 135--135
|\T1/cmr/bx/n/24.88 Study and Im-ple-men-ta-tion of Sprint
 []

\openout3 = `report.mtc'.

\openout3 = `report.mtc'.

(./report.mtc5) [23

] [24]
Chapter 6.

Overfull \hbox (13.83136pt too wide) in paragraph at lines 153--153
|\T1/cmr/bx/n/24.88 Study and Im-ple-men-ta-tion of Sprint
 []


Overfull \hbox (58.60425pt too wide) in paragraph at lines 153--153
\T1/cmr/bx/n/24.88 IV: Di-a-gram Man-age-ment & Workspace| 
 []

\openout3 = `report.mtc'.

\openout3 = `report.mtc'.

(./report.mtc6) [25

] [26]
Chapter 7.

Overfull \hbox (13.83136pt too wide) in paragraph at lines 171--171
|\T1/cmr/bx/n/24.88 Study and Im-ple-men-ta-tion of Sprint
 []

\openout3 = `report.mtc'.

\openout3 = `report.mtc'.

(./report.mtc7) [27

] [28]
Chapter 8.

Overfull \hbox (13.83136pt too wide) in paragraph at lines 189--189
|\T1/cmr/bx/n/24.88 Study and Im-ple-men-ta-tion of Sprint
 []

\openout3 = `report.mtc'.

\openout3 = `report.mtc'.

(./report.mtc8) [29

] [30]
Chapter 9.
[31

]
\openout2 = `chapters/webography_v_1.aux'.

 (./chapters/webography_v_1.tex [32


]
Underfull \hbox (badness 10000) in paragraph at lines 78--79
[]\T1/cmr/m/n/12 Object Man-age-ment Group. (2017). \T1/cmr/m/it/12 OMG Uni-fied Mod-el-
 []


Underfull \hbox (badness 10000) in paragraph at lines 78--79
\T1/cmr/m/it/12 ing Lan-guage (OMG UML) Ver-sion 2.5.1\T1/cmr/m/n/12 . Re-trieved from
 []

) [33]
Package minitoc Info: I0009
(minitoc)             Listing minitoc auxiliary files. 
(minitoc)             Creating the report.maf file.
\openout3 = `report.maf'.



Package minitoc(hints) Warning: W0024
(minitoc(hints))                Some hints have been written 
(minitoc(hints))                in the report.log file.

(./report.aux (./chapters/chapter1v_1.aux) (./chapters/webography_v_1.aux))
 ***********
LaTeX2e <2023-11-01> patch level 1
L3 programming layer <2024-01-22>
 ***********
Package rerunfilecheck Info: File `report.out' has not changed.
(rerunfilecheck)             Checksum: 9F2DCDAAED6C35B85A6E0EDADD98F5B0;17099.
 ) 
Here is how much of TeX's memory you used:
 13181 strings out of 476103
 201833 string characters out of 5793011
 1939975 words of memory out of 5000000
 34812 multiletter control sequences out of 15000+600000
 572672 words of font info for 71 fonts, out of 8000000 for 9000
 36 hyphenation exceptions out of 8191
 75i,12n,79p,623b,565s stack positions out of 10000i,1000n,20000p,200000b,200000s
 </home/issam/.texlive2023/texmf-var/fonts/pk/ljfour/jknappen/ec/ecti1200.600pk> </home/issam/.texlive2023/texmf-var/fonts/pk/ljfour/jknappen/ec/ecrm1095.600pk> </home/issam/.texlive2023/texmf-var/fonts/pk/ljfour/jknappen/ec/ecbx1095.600pk> </home/issam/.texlive2023/texmf-var/fonts/pk/ljfour/jknappen/ec/ecbx1440.600pk> </home/issam/.texlive2023/texmf-var/fonts/pk/ljfour/jknappen/ec/ecbx1728.600pk> </home/issam/.texlive2023/texmf-var/fonts/pk/ljfour/jknappen/ec/ecbx1200.600pk> </home/issam/.texlive2023/texmf-var/fonts/pk/ljfour/jknappen/ec/ecrm1200.600pk> </home/issam/.texlive2023/texmf-var/fonts/pk/ljfour/jknappen/ec/ecbx2488.600pk>
Output written on report.pdf (33 pages, 250117 bytes).
PDF statistics:
 1432 PDF objects out of 1440 (max. 8388607)
 925 compressed objects within 10 object streams
 191 named destinations out of 1000 (max. 500000)
 963 words of extra memory for PDF output out of 10000 (max. 10000000)

