\BOOKMARK [0][-]{chapter*.1}{\376\377\000D\000e\000d\000i\000c\000a\000t\000i\000o\000n}{}% 1
\BOOKMARK [0][-]{section*.7}{\376\377\000A\000c\000k\000n\000o\000w\000l\000e\000d\000g\000m\000e\000n\000t\000s}{}% 2
\BOOKMARK [0][-]{chapter.1}{\376\377\000G\000e\000n\000e\000r\000a\000l\000\040\000I\000n\000t\000r\000o\000d\000u\000c\000t\000i\000o\000n}{}% 3
\BOOKMARK [0][-]{chapter.2}{\376\377\000O\000v\000e\000r\000v\000i\000e\000w}{}% 4
\BOOKMARK [1][-]{section.2.1}{\376\377\000I\000n\000t\000r\000o\000d\000u\000c\000t\000i\000o\000n}{chapter.2}% 5
\BOOKMARK [1][-]{section.2.2}{\376\377\000O\000v\000e\000r\000v\000i\000e\000w\000\040\000o\000f\000\040\000t\000h\000e\000\040\000H\000o\000s\000t\000\040\000O\000r\000g\000a\000n\000i\000z\000a\000t\000i\000o\000n}{chapter.2}% 6
\BOOKMARK [1][-]{section.2.3}{\376\377\000P\000r\000e\000s\000e\000n\000t\000a\000t\000i\000o\000n\000\040\000o\000f\000\040\000t\000h\000e\000\040\000P\000r\000o\000j\000e\000c\000t\000\040\000C\000o\000n\000t\000e\000x\000t}{chapter.2}% 7
\BOOKMARK [2][-]{subsection.2.3.1}{\376\377\000P\000r\000o\000b\000l\000e\000m\000\040\000S\000t\000a\000t\000e\000m\000e\000n\000t}{section.2.3}% 8
\BOOKMARK [2][-]{subsection.2.3.2}{\376\377\000E\000x\000i\000s\000t\000i\000n\000g\000\040\000S\000o\000l\000u\000t\000i\000o\000n\000s}{section.2.3}% 9
\BOOKMARK [2][-]{subsection.2.3.3}{\376\377\000P\000r\000o\000p\000o\000s\000e\000d\000\040\000S\000o\000l\000u\000t\000i\000o\000n}{section.2.3}% 10
\BOOKMARK [1][-]{section.2.4}{\376\377\000M\000e\000t\000h\000o\000d\000o\000l\000o\000g\000y\000\040\000A\000g\000i\000l\000e\000\040\000a\000n\000d\000\040\000S\000c\000r\000u\000m\000\040\000F\000r\000a\000m\000e\000w\000o\000r\000k}{chapter.2}% 11
\BOOKMARK [1][-]{section.2.5}{\376\377\000C\000o\000n\000c\000l\000u\000s\000i\000o\000n}{chapter.2}% 12
\BOOKMARK [0][-]{chapter.3}{\376\377\000P\000r\000o\000j\000e\000c\000t\000\040\000I\000n\000i\000t\000i\000a\000t\000i\000o\000n}{}% 13
\BOOKMARK [1][-]{section.3.1}{\376\377\000I\000n\000t\000r\000o\000d\000u\000c\000t\000i\000o\000n}{chapter.3}% 14
\BOOKMARK [1][-]{section.3.2}{\376\377\000R\000e\000q\000u\000i\000r\000e\000m\000e\000n\000t\000s\000\040\000A\000n\000a\000l\000y\000s\000i\000s}{chapter.3}% 15
\BOOKMARK [2][-]{subsection.3.2.1}{\376\377\000S\000y\000s\000t\000e\000m\000\040\000A\000c\000t\000o\000r\000s}{section.3.2}% 16
\BOOKMARK [2][-]{subsection.3.2.2}{\376\377\000C\000o\000r\000e\000\040\000R\000e\000q\000u\000i\000r\000e\000m\000e\000n\000t\000s}{section.3.2}% 17
\BOOKMARK [3][-]{subsubsection.3.2.2.1}{\376\377\000F\000u\000n\000c\000t\000i\000o\000n\000a\000l\000\040\000R\000e\000q\000u\000i\000r\000e\000m\000e\000n\000t\000s}{subsection.3.2.2}% 18
\BOOKMARK [3][-]{subsubsection.3.2.2.2}{\376\377\000N\000o\000n\000-\000F\000u\000n\000c\000t\000i\000o\000n\000a\000l\000\040\000R\000e\000q\000u\000i\000r\000e\000m\000e\000n\000t\000s}{subsection.3.2.2}% 19
\BOOKMARK [1][-]{section.3.3}{\376\377\000P\000r\000o\000j\000e\000c\000t\000\040\000M\000a\000n\000a\000g\000e\000m\000e\000n\000t}{chapter.3}% 20
\BOOKMARK [2][-]{subsection.3.3.1}{\376\377\000S\000c\000r\000u\000m\000\040\000R\000o\000l\000e\000s}{section.3.3}% 21
\BOOKMARK [2][-]{subsection.3.3.2}{\376\377\000P\000r\000o\000d\000u\000c\000t\000\040\000B\000a\000c\000k\000l\000o\000g}{section.3.3}% 22
\BOOKMARK [2][-]{subsection.3.3.3}{\376\377\000G\000l\000o\000b\000a\000l\000\040\000U\000s\000e\000\040\000C\000a\000s\000e\000\040\000D\000i\000a\000g\000r\000a\000m}{section.3.3}% 23
\BOOKMARK [2][-]{subsection.3.3.4}{\376\377\000S\000p\000r\000i\000n\000t\000\040\000P\000l\000a\000n\000n\000i\000n\000g}{section.3.3}% 24
\BOOKMARK [2][-]{subsection.3.3.5}{\376\377\000C\000l\000a\000s\000s\000\040\000D\000i\000a\000g\000r\000a\000m}{section.3.3}% 25
\BOOKMARK [1][-]{section.3.4}{\376\377\000S\000y\000s\000t\000e\000m\000\040\000A\000r\000c\000h\000i\000t\000e\000c\000t\000u\000r\000e}{chapter.3}% 26
\BOOKMARK [2][-]{subsection.3.4.1}{\376\377\000D\000e\000p\000l\000o\000y\000m\000e\000n\000t\000\040\000O\000v\000e\000r\000v\000i\000e\000w}{section.3.4}% 27
\BOOKMARK [2][-]{subsection.3.4.2}{\376\377\000T\000e\000c\000h\000n\000o\000l\000o\000g\000y\000\040\000S\000t\000a\000c\000k}{section.3.4}% 28
\BOOKMARK [1][-]{section.3.5}{\376\377\000C\000o\000n\000c\000l\000u\000s\000i\000o\000n}{chapter.3}% 29
\BOOKMARK [0][-]{chapter.4}{\376\377\000S\000p\000r\000i\000n\000t\000\040\0000}{}% 30
\BOOKMARK [1][-]{section.4.1}{\376\377\000I\000n\000t\000r\000o\000d\000u\000c\000t\000i\000o\000n}{chapter.4}% 31
\BOOKMARK [1][-]{section.4.2}{\376\377\000S\000p\000r\000i\000n\000t\000\040\000O\000b\000j\000e\000c\000t\000i\000v\000e\000s}{chapter.4}% 32
\BOOKMARK [1][-]{section.4.3}{\376\377\000T\000e\000c\000h\000n\000o\000l\000o\000g\000y\000\040\000S\000t\000a\000c\000k\000\040\000I\000m\000p\000l\000e\000m\000e\000n\000t\000a\000t\000i\000o\000n}{chapter.4}% 33
\BOOKMARK [2][-]{subsection.4.3.1}{\376\377\000C\000o\000r\000e\000\040\000S\000e\000r\000v\000i\000c\000e\000s\000\040\000O\000v\000e\000r\000v\000i\000e\000w}{section.4.3}% 34
\BOOKMARK [1][-]{section.4.4}{\376\377\000I\000n\000f\000r\000a\000s\000t\000r\000u\000c\000t\000u\000r\000e\000\040\000D\000e\000l\000i\000v\000e\000r\000a\000b\000l\000e\000s}{chapter.4}% 35
\BOOKMARK [2][-]{subsection.4.4.1}{\376\377\000D\000o\000c\000k\000e\000r\000\040\000C\000o\000m\000p\000o\000s\000e\000\040\000C\000o\000n\000f\000i\000g\000u\000r\000a\000t\000i\000o\000n}{section.4.4}% 36
\BOOKMARK [2][-]{subsection.4.4.2}{\376\377\000A\000p\000p\000l\000i\000c\000a\000t\000i\000o\000n\000\040\000C\000o\000n\000t\000a\000i\000n\000e\000r\000\040\000C\000o\000n\000f\000i\000g\000u\000r\000a\000t\000i\000o\000n}{section.4.4}% 37
\BOOKMARK [2][-]{subsection.4.4.3}{\376\377\000E\000n\000v\000i\000r\000o\000n\000m\000e\000n\000t\000\040\000C\000o\000n\000f\000i\000g\000u\000r\000a\000t\000i\000o\000n}{section.4.4}% 38
\BOOKMARK [1][-]{section.4.5}{\376\377\000S\000p\000r\000i\000n\000t\000\040\000R\000e\000t\000r\000o\000s\000p\000e\000c\000t\000i\000v\000e}{chapter.4}% 39
\BOOKMARK [2][-]{subsection.4.5.1}{\376\377\000K\000e\000y\000\040\000A\000c\000h\000i\000e\000v\000e\000m\000e\000n\000t\000s}{section.4.5}% 40
\BOOKMARK [2][-]{subsection.4.5.2}{\376\377\000C\000h\000a\000l\000l\000e\000n\000g\000e\000s\000\040\000R\000e\000s\000o\000l\000v\000e\000d}{section.4.5}% 41
\BOOKMARK [2][-]{subsection.4.5.3}{\376\377\000F\000u\000t\000u\000r\000e\000\040\000E\000n\000h\000a\000n\000c\000e\000m\000e\000n\000t\000s}{section.4.5}% 42
\BOOKMARK [1][-]{section.4.6}{\376\377\000C\000o\000n\000c\000l\000u\000s\000i\000o\000n}{chapter.4}% 43
\BOOKMARK [0][-]{chapter.5}{\376\377\000S\000p\000r\000i\000n\000t\000\040\0001}{}% 44
\BOOKMARK [1][-]{section.5.1}{\376\377\000I\000n\000t\000r\000o\000d\000u\000c\000t\000i\000o\000n}{chapter.5}% 45
\BOOKMARK [1][-]{section.5.2}{\376\377\000S\000p\000r\000i\000n\000t\000\040\000P\000l\000a\000n\000n\000i\000n\000g}{chapter.5}% 46
\BOOKMARK [2][-]{subsection.5.2.1}{\376\377\000O\000b\000j\000e\000c\000t\000i\000v\000e\000s}{section.5.2}% 47
\BOOKMARK [2][-]{subsection.5.2.2}{\376\377\000B\000a\000c\000k\000l\000o\000g\000\040\000I\000t\000e\000m\000s}{section.5.2}% 48
\BOOKMARK [1][-]{section.5.3}{\376\377\000S\000y\000s\000t\000e\000m\000\040\000A\000n\000a\000l\000y\000s\000i\000s}{chapter.5}% 49
\BOOKMARK [2][-]{subsection.5.3.1}{\376\377\000U\000s\000e\000\040\000C\000a\000s\000e\000\040\000O\000v\000e\000r\000v\000i\000e\000w}{section.5.3}% 50
\BOOKMARK [2][-]{subsection.5.3.2}{\376\377\000A\000u\000t\000h\000e\000n\000t\000i\000c\000a\000t\000i\000o\000n\000\040\000U\000s\000e\000\040\000C\000a\000s\000e\000s}{section.5.3}% 51
\BOOKMARK [3][-]{subsubsection.5.3.2.1}{\376\377\000C\000o\000r\000e\000\040\000A\000u\000t\000h\000e\000n\000t\000i\000c\000a\000t\000i\000o\000n\000\040\000S\000c\000e\000n\000a\000r\000i\000o\000s}{subsection.5.3.2}% 52
\BOOKMARK [1][-]{section.5.4}{\376\377\000S\000y\000s\000t\000e\000m\000\040\000D\000e\000s\000i\000g\000n}{chapter.5}% 53
\BOOKMARK [2][-]{subsection.5.4.1}{\376\377\000A\000u\000t\000h\000e\000n\000t\000i\000c\000a\000t\000i\000o\000n\000\040\000F\000l\000o\000w}{section.5.4}% 54
\BOOKMARK [1][-]{section.5.5}{\376\377\000I\000m\000p\000l\000e\000m\000e\000n\000t\000a\000t\000i\000o\000n\000\040\000R\000e\000s\000u\000l\000t\000s}{chapter.5}% 55
\BOOKMARK [2][-]{subsection.5.5.1}{\376\377\000L\000a\000n\000d\000i\000n\000g\000\040\000P\000a\000g\000e}{section.5.5}% 56
\BOOKMARK [2][-]{subsection.5.5.2}{\376\377\000A\000u\000t\000h\000e\000n\000t\000i\000c\000a\000t\000i\000o\000n\000\040\000I\000n\000t\000e\000r\000f\000a\000c\000e}{section.5.5}% 57
\BOOKMARK [1][-]{section.5.6}{\376\377\000S\000p\000r\000i\000n\000t\000\040\000R\000e\000t\000r\000o\000s\000p\000e\000c\000t\000i\000v\000e}{chapter.5}% 58
\BOOKMARK [1][-]{section.5.7}{\376\377\000C\000o\000n\000c\000l\000u\000s\000i\000o\000n}{chapter.5}% 59
\BOOKMARK [0][-]{chapter.6}{\376\377\000S\000p\000r\000i\000n\000t\000\040\0002}{}% 60
\BOOKMARK [1][-]{section.6.1}{\376\377\000I\000n\000t\000r\000o\000d\000u\000c\000t\000i\000o\000n}{chapter.6}% 61
\BOOKMARK [1][-]{section.6.2}{\376\377\000S\000p\000r\000i\000n\000t\000\040\000P\000l\000a\000n\000n\000i\000n\000g}{chapter.6}% 62
\BOOKMARK [2][-]{subsection.6.2.1}{\376\377\000O\000b\000j\000e\000c\000t\000i\000v\000e\000s}{section.6.2}% 63
\BOOKMARK [2][-]{subsection.6.2.2}{\376\377\000S\000p\000r\000i\000n\000t\000\040\000B\000a\000c\000k\000l\000o\000g}{section.6.2}% 64
\BOOKMARK [1][-]{section.6.3}{\376\377\000A\000n\000a\000l\000y\000s\000i\000s\000\040\000a\000n\000d\000\040\000D\000e\000s\000i\000g\000n}{chapter.6}% 65
\BOOKMARK [2][-]{subsection.6.3.1}{\376\377\000U\000s\000e\000\040\000C\000a\000s\000e\000\040\000A\000n\000a\000l\000y\000s\000i\000s}{section.6.3}% 66
\BOOKMARK [2][-]{subsection.6.3.2}{\376\377\000K\000e\000y\000\040\000U\000s\000e\000\040\000C\000a\000s\000e\000\040\000S\000p\000e\000c\000i\000f\000i\000c\000a\000t\000i\000o\000n\000s}{section.6.3}% 67
\BOOKMARK [3][-]{subsubsection.6.3.2.1}{\376\377\000C\000r\000e\000a\000t\000e\000\040\000N\000e\000w\000\040\000P\000r\000o\000j\000e\000c\000t\000\040\000\050\000U\000C\000-\0003\000.\0001\000\051}{subsection.6.3.2}% 68
\BOOKMARK [3][-]{subsubsection.6.3.2.2}{\376\377\000V\000i\000e\000w\000\040\000P\000r\000o\000j\000e\000c\000t\000\040\000\050\000U\000C\000-\0003\000.\0002\000\051}{subsection.6.3.2}% 69
\BOOKMARK [3][-]{subsubsection.6.3.2.3}{\376\377\000U\000p\000d\000a\000t\000e\000\040\000P\000r\000o\000j\000e\000c\000t\000\040\000\050\000U\000C\000-\0003\000.\0003\000\051}{subsection.6.3.2}% 70
\BOOKMARK [3][-]{subsubsection.6.3.2.4}{\376\377\000D\000e\000l\000e\000t\000e\000\040\000P\000r\000o\000j\000e\000c\000t\000\040\000\050\000U\000C\000-\0003\000.\0004\000\051}{subsection.6.3.2}% 71
\BOOKMARK [3][-]{subsubsection.6.3.2.5}{\376\377\000D\000o\000w\000n\000l\000o\000a\000d\000\040\000C\000o\000m\000p\000r\000e\000s\000s\000e\000d\000\040\000\050\000U\000C\000-\0003\000.\0005\000\051}{subsection.6.3.2}% 72
\BOOKMARK [1][-]{section.6.4}{\376\377\000S\000y\000s\000t\000e\000m\000\040\000D\000e\000s\000i\000g\000n}{chapter.6}% 73
\BOOKMARK [2][-]{subsection.6.4.1}{\376\377\000S\000e\000q\000u\000e\000n\000c\000e\000\040\000D\000i\000a\000g\000r\000a\000m\000s}{section.6.4}% 74
\BOOKMARK [1][-]{section.6.5}{\376\377\000I\000m\000p\000l\000e\000m\000e\000n\000t\000a\000t\000i\000o\000n\000\040\000R\000e\000s\000u\000l\000t\000s}{chapter.6}% 75
\BOOKMARK [2][-]{subsection.6.5.1}{\376\377\000U\000s\000e\000r\000\040\000I\000n\000t\000e\000r\000f\000a\000c\000e\000\040\000S\000c\000r\000e\000e\000n\000s\000h\000o\000t\000s}{section.6.5}% 76
\BOOKMARK [1][-]{section.6.6}{\376\377\000S\000p\000r\000i\000n\000t\000\040\000R\000e\000t\000r\000o\000s\000p\000e\000c\000t\000i\000v\000e}{chapter.6}% 77
\BOOKMARK [2][-]{subsection.6.6.1}{\376\377\000A\000c\000h\000i\000e\000v\000e\000m\000e\000n\000t\000s}{section.6.6}% 78
\BOOKMARK [2][-]{subsection.6.6.2}{\376\377\000A\000r\000e\000a\000s\000\040\000f\000o\000r\000\040\000I\000m\000p\000r\000o\000v\000e\000m\000e\000n\000t}{section.6.6}% 79
\BOOKMARK [1][-]{section.6.7}{\376\377\000C\000o\000n\000c\000l\000u\000s\000i\000o\000n}{chapter.6}% 80
\BOOKMARK [0][-]{chapter.7}{\376\377\000S\000p\000r\000i\000n\000t\000\040\0003}{}% 81
\BOOKMARK [1][-]{section.7.1}{\376\377\000I\000n\000t\000r\000o\000d\000u\000c\000t\000i\000o\000n}{chapter.7}% 82
\BOOKMARK [1][-]{section.7.2}{\376\377\000S\000p\000r\000i\000n\000t\000\040\000P\000l\000a\000n\000n\000i\000n\000g}{chapter.7}% 83
\BOOKMARK [2][-]{subsection.7.2.1}{\376\377\000O\000b\000j\000e\000c\000t\000i\000v\000e\000s}{section.7.2}% 84
\BOOKMARK [2][-]{subsection.7.2.2}{\376\377\000S\000p\000r\000i\000n\000t\000\040\000B\000a\000c\000k\000l\000o\000g}{section.7.2}% 85
\BOOKMARK [1][-]{section.7.3}{\376\377\000S\000y\000s\000t\000e\000m\000\040\000A\000n\000a\000l\000y\000s\000i\000s}{chapter.7}% 86
\BOOKMARK [2][-]{subsection.7.3.1}{\376\377\000U\000s\000e\000\040\000C\000a\000s\000e\000\040\000O\000v\000e\000r\000v\000i\000e\000w}{section.7.3}% 87
\BOOKMARK [2][-]{subsection.7.3.2}{\376\377\000C\000o\000r\000e\000\040\000F\000e\000a\000t\000u\000r\000e\000s}{section.7.3}% 88
\BOOKMARK [3][-]{subsubsection.7.3.2.1}{\376\377\000D\000i\000a\000g\000r\000a\000m\000\040\000M\000a\000n\000a\000g\000e\000m\000e\000n\000t}{subsection.7.3.2}% 89
\BOOKMARK [3][-]{subsubsection.7.3.2.2}{\376\377\000W\000o\000r\000k\000s\000p\000a\000c\000e\000\040\000M\000a\000n\000a\000g\000e\000m\000e\000n\000t}{subsection.7.3.2}% 90
\BOOKMARK [1][-]{section.7.4}{\376\377\000S\000y\000s\000t\000e\000m\000\040\000D\000e\000s\000i\000g\000n}{chapter.7}% 91
\BOOKMARK [2][-]{subsection.7.4.1}{\376\377\000K\000e\000y\000\040\000S\000e\000q\000u\000e\000n\000c\000e\000\040\000D\000i\000a\000g\000r\000a\000m\000s}{section.7.4}% 92
\BOOKMARK [3][-]{subsubsection.7.4.1.1}{\376\377\000D\000i\000a\000g\000r\000a\000m\000\040\000C\000r\000e\000a\000t\000i\000o\000n\000\040\000P\000r\000o\000c\000e\000s\000s}{subsection.7.4.1}% 93
\BOOKMARK [3][-]{subsubsection.7.4.1.2}{\376\377\000A\000I\000-\000A\000s\000s\000i\000s\000t\000e\000d\000\040\000E\000d\000i\000t\000i\000n\000g}{subsection.7.4.1}% 94
\BOOKMARK [1][-]{section.7.5}{\376\377\000I\000m\000p\000l\000e\000m\000e\000n\000t\000a\000t\000i\000o\000n\000\040\000R\000e\000s\000u\000l\000t\000s}{chapter.7}% 95
\BOOKMARK [2][-]{subsection.7.5.1}{\376\377\000C\000o\000r\000e\000\040\000I\000n\000t\000e\000r\000f\000a\000c\000e\000s}{section.7.5}% 96
\BOOKMARK [2][-]{subsection.7.5.2}{\376\377\000W\000o\000r\000k\000s\000p\000a\000c\000e\000\040\000E\000n\000v\000i\000r\000o\000n\000m\000e\000n\000t}{section.7.5}% 97
\BOOKMARK [1][-]{section.7.6}{\376\377\000S\000p\000r\000i\000n\000t\000\040\000R\000e\000t\000r\000o\000s\000p\000e\000c\000t\000i\000v\000e}{chapter.7}% 98
\BOOKMARK [2][-]{subsection.7.6.1}{\376\377\000A\000c\000h\000i\000e\000v\000e\000m\000e\000n\000t\000s}{section.7.6}% 99
\BOOKMARK [2][-]{subsection.7.6.2}{\376\377\000C\000h\000a\000l\000l\000e\000n\000g\000e\000s}{section.7.6}% 100
\BOOKMARK [1][-]{section.7.7}{\376\377\000C\000o\000n\000c\000l\000u\000s\000i\000o\000n}{chapter.7}% 101
\BOOKMARK [0][-]{chapter.8}{\376\377\000S\000p\000r\000i\000n\000t\000\040\0004}{}% 102
\BOOKMARK [1][-]{section.8.1}{\376\377\000I\000n\000t\000r\000o\000d\000u\000c\000t\000i\000o\000n}{chapter.8}% 103
\BOOKMARK [1][-]{section.8.2}{\376\377\000S\000p\000r\000i\000n\000t\000\040\000P\000l\000a\000n\000n\000i\000n\000g}{chapter.8}% 104
\BOOKMARK [2][-]{subsection.8.2.1}{\376\377\000O\000b\000j\000e\000c\000t\000i\000v\000e\000s\000\040\000a\000n\000d\000\040\000B\000a\000c\000k\000l\000o\000g}{section.8.2}% 105
\BOOKMARK [1][-]{section.8.3}{\376\377\000S\000y\000s\000t\000e\000m\000\040\000A\000n\000a\000l\000y\000s\000i\000s}{chapter.8}% 106
\BOOKMARK [2][-]{subsection.8.3.1}{\376\377\000U\000s\000e\000\040\000C\000a\000s\000e\000\040\000O\000v\000e\000r\000v\000i\000e\000w}{section.8.3}% 107
\BOOKMARK [2][-]{subsection.8.3.2}{\376\377\000C\000o\000m\000m\000u\000n\000i\000t\000y\000\040\000I\000n\000t\000e\000r\000a\000c\000t\000i\000o\000n\000\040\000F\000e\000a\000t\000u\000r\000e\000s}{section.8.3}% 108
\BOOKMARK [3][-]{subsubsection.8.3.2.1}{\376\377\000K\000e\000y\000\040\000U\000s\000e\000\040\000C\000a\000s\000e\000s\000\040\000D\000e\000s\000c\000r\000i\000p\000t\000i\000o\000n}{subsection.8.3.2}% 109
\BOOKMARK [2][-]{subsection.8.3.3}{\376\377\000P\000r\000o\000f\000i\000l\000e\000\040\000M\000a\000n\000a\000g\000e\000m\000e\000n\000t\000\040\000F\000e\000a\000t\000u\000r\000e\000s}{section.8.3}% 110
\BOOKMARK [1][-]{section.8.4}{\376\377\000S\000y\000s\000t\000e\000m\000\040\000D\000e\000s\000i\000g\000n}{chapter.8}% 111
\BOOKMARK [2][-]{subsection.8.4.1}{\376\377\000K\000e\000y\000\040\000S\000e\000q\000u\000e\000n\000c\000e\000\040\000D\000i\000a\000g\000r\000a\000m\000s}{section.8.4}% 112
\BOOKMARK [1][-]{section.8.5}{\376\377\000I\000m\000p\000l\000e\000m\000e\000n\000t\000a\000t\000i\000o\000n\000\040\000R\000e\000s\000u\000l\000t\000s}{chapter.8}% 113
\BOOKMARK [2][-]{subsection.8.5.1}{\376\377\000C\000o\000m\000m\000u\000n\000i\000t\000y\000\040\000F\000e\000a\000t\000u\000r\000e\000s}{section.8.5}% 114
\BOOKMARK [1][-]{section.8.6}{\376\377\000S\000p\000r\000i\000n\000t\000\040\000R\000e\000t\000r\000o\000s\000p\000e\000c\000t\000i\000v\000e}{chapter.8}% 115
\BOOKMARK [2][-]{subsection.8.6.1}{\376\377\000A\000c\000h\000i\000e\000v\000e\000m\000e\000n\000t\000s}{section.8.6}% 116
\BOOKMARK [2][-]{subsection.8.6.2}{\376\377\000F\000u\000t\000u\000r\000e\000\040\000A\000c\000t\000i\000o\000n\000s}{section.8.6}% 117
\BOOKMARK [1][-]{section.8.7}{\376\377\000C\000o\000n\000c\000l\000u\000s\000i\000o\000n}{chapter.8}% 118
\BOOKMARK [0][-]{chapter.9}{\376\377\000G\000e\000n\000e\000r\000a\000l\000\040\000C\000o\000n\000c\000l\000u\000s\000i\000o\000n}{}% 119
\BOOKMARK [1][-]{section.9.1}{\376\377\000S\000u\000m\000m\000a\000r\000y\000\040\000o\000f\000\040\000A\000c\000h\000i\000e\000v\000e\000m\000e\000n\000t\000s}{chapter.9}% 120
\BOOKMARK [1][-]{section.9.2}{\376\377\000C\000h\000a\000l\000l\000e\000n\000g\000e\000s\000\040\000F\000a\000c\000e\000d}{chapter.9}% 121
\BOOKMARK [1][-]{section.9.3}{\376\377\000F\000u\000t\000u\000r\000e\000\040\000P\000e\000r\000s\000p\000e\000c\000t\000i\000v\000e\000s}{chapter.9}% 122
